Epoch 58/80
60000/60000 [==============================] - 171s - loss: 0.0037 - acc: 0.9988 - val_loss: 0.0380 - val_acc: 0.9910
Epoch 59/80
60000/60000 [==============================] - 170s - loss: 0.0039 - acc: 0.9987 - val_loss: 0.0409 - val_acc: 0.9919
Epoch 60/80
60000/60000 [==============================] - 170s - loss: 0.0037 - acc: 0.9989 - val_loss: 0.0355 - val_acc: 0.9921
Epoch 61/80
60000/60000 [==============================] - 170s - loss: 0.0034 - acc: 0.9988 - val_loss: 0.0380 - val_acc: 0.9916
Epoch 62/80
60000/60000 [==============================] - 170s - loss: 0.0038 - acc: 0.9987 - val_loss: 0.0375 - val_acc: 0.9919
Epoch 63/80
60000/60000 [==============================] - 171s - loss: 0.0031 - acc: 0.9988 - val_loss: 0.0397 - val_acc: 0.9925
Epoch 64/80
60000/60000 [==============================] - 170s - loss: 0.0039 - acc: 0.9989 - val_loss: 0.0410 - val_acc: 0.9914
Epoch 65/80
60000/60000 [==============================] - 170s - loss: 0.0034 - acc: 0.9988 - val_loss: 0.0391 - val_acc: 0.9923
Epoch 66/80
60000/60000 [==============================] - 171s - loss: 0.0034 - acc: 0.9989 - val_loss: 0.0407 - val_acc: 0.9908
Epoch 67/80
60000/60000 [==============================] - 171s - loss: 0.0032 - acc: 0.9989 - val_loss: 0.0391 - val_acc: 0.9915
Epoch 68/80
60000/60000 [==============================] - 171s - loss: 0.0037 - acc: 0.9988 - val_loss: 0.0363 - val_acc: 0.9922
Epoch 69/80
60000/60000 [==============================] - 170s - loss: 0.0026 - acc: 0.9989 - val_loss: 0.0380 - val_acc: 0.9926
Epoch 70/80
60000/60000 [==============================] - 171s - loss: 0.0030 - acc: 0.9990 - val_loss: 0.0382 - val_acc: 0.9923
Epoch 71/80
60000/60000 [==============================] - 171s - loss: 0.0028 - acc: 0.9990 - val_loss: 0.0394 - val_acc: 0.9922
Epoch 72/80
60000/60000 [==============================] - 171s - loss: 0.0024 - acc: 0.9992 - val_loss: 0.0396 - val_acc: 0.9917
Epoch 73/80
60000/60000 [==============================] - 171s - loss: 0.0030 - acc: 0.9991 - val_loss: 0.0399 - val_acc: 0.9919
Epoch 74/80
60000/60000 [==============================] - 171s - loss: 0.0031 - acc: 0.9989 - val_loss: 0.0385 - val_acc: 0.9926
Epoch 75/80
60000/60000 [==============================] - 171s - loss: 0.0027 - acc: 0.9991 - val_loss: 0.0388 - val_acc: 0.9923
Epoch 76/80
60000/60000 [==============================] - 171s - loss: 0.0031 - acc: 0.9991 - val_loss: 0.0438 - val_acc: 0.9913
Epoch 77/80
60000/60000 [==============================] - 171s - loss: 0.0027 - acc: 0.9990 - val_loss: 0.0434 - val_acc: 0.9912
Epoch 78/80
60000/60000 [==============================] - 171s - loss: 0.0030 - acc: 0.9989 - val_loss: 0.0403 - val_acc: 0.9916
Epoch 79/80
60000/60000 [==============================] - 171s - loss: 0.0031 - acc: 0.9989 - val_loss: 0.0401 - val_acc: 0.9912
Epoch 80/80
60000/60000 [==============================] - 171s - loss: 0.0025 - acc: 0.9991 - val_loss: 0.0423 - val_acc: 0.9909
Test loss: 0.0423484648705
Test accuracy: 0.9909
Saved trained model at /nfs/isicvlnas01/users/zekunl/projects/mnist_ortho/saved_models/keras_mnist_trained_model.h5